demo/build/outputs/logs/manifest-merger-debug-report.txt
-- Merging decision tree log ---
manifest
ADDED from AiyaEffectsWithKSY\demo\AndroidManifest.xml:2:1-60:12
	package
		ADDED from AiyaEffectsWithKSY\demo\AndroidManifest.xml:4:11-37
		INJECTED from AiyaEffectsWithKSY\demo\AndroidManifest.xml
		INJECTED from AiyaEffectsWithKSY\demo\AndroidManifest.xml
	android:versionName
		INJECTED from AiyaEffectsWithKSY\demo\AndroidManifest.xml
		INJECTED from AiyaEffectsWithKSY\demo\AndroidManifest.xml
	xmlns:tools
		ADDED from AiyaEffectsWithKSY\demo\AndroidManifest.xml:3:11-57
	xmlns:android
		ADDED from AiyaEffectsWithKSY\demo\AndroidManifest.xml:2:11-69
	android:versionCode
		INJECTED from AiyaEffectsWithKSY\demo\AndroidManifest.xml
		INJECTED from AiyaEffectsWithKSY\demo\AndroidManifest.xml
	android:installLocation
		ADDED from AiyaEffectsWithKSY\demo\AndroidManifest.xml:5:11-51
uses-permission#android.permission.READ_PHONE_STATE
ADDED from AiyaEffectsWithKSY\demo\AndroidManifest.xml:7:5-75
	android:name
		ADDED from AiyaEffectsWithKSY\demo\AndroidManifest.xml:7:22-72
uses-permission#android.permission.SYSTEM_ALERT_WINDOW
ADDED from AiyaEffectsWithKSY\demo\AndroidManifest.xml:8:5-78
	android:name
		ADDED from AiyaEffectsWithKSY\demo\AndroidManifest.xml:8:22-75
uses-permission#android.permission.INTERNET
ADDED from AiyaEffectsWithKSY\demo\AndroidManifest.xml:9:5-67
	android:name
		ADDED from AiyaEffectsWithKSY\demo\AndroidManifest.xml:9:22-64
uses-permission#android.permission.ACCESS_NETWORK_STATE
ADDED from AiyaEffectsWithKSY\demo\AndroidManifest.xml:10:5-79
	android:name
		ADDED from AiyaEffectsWithKSY\demo\AndroidManifest.xml:10:22-76
uses-permission#android.permission.READ_EXTERNAL_STORAGE
ADDED from AiyaEffectsWithKSY\demo\AndroidManifest.xml:11:5-80
	android:name
		ADDED from AiyaEffectsWithKSY\demo\AndroidManifest.xml:11:22-77
uses-permission#android.permission.READ_PHONE_SINTERNETWIFI_STATE
ADDED from AiyaEffectsWithKSY\demo\AndroidManifest.xml:12:5-89
	android:name
		ADDED from AiyaEffectsWithKSY\demo\AndroidManifest.xml:12:22-86
uses-permission#android.permission.WRITE_EXTERNAL_STORAGE
ADDED from AiyaEffectsWithKSY\demo\AndroidManifest.xml:13:5-81
	android:name
		ADDED from AiyaEffectsWithKSY\demo\AndroidManifest.xml:13:22-78
uses-permission#android.permission.ACCESS_WIFI_STATE
ADDED from AiyaEffectsWithKSY\demo\AndroidManifest.xml:14:5-76
	android:name
		ADDED from AiyaEffectsWithKSY\demo\AndroidManifest.xml:14:22-73
uses-permission#android.permission.CAMERA
ADDED from AiyaEffectsWithKSY\demo\AndroidManifest.xml:15:5-65
MERGED from [com.github.doggycoder:AiyaEffectsAndroid:v2.0.0] AndroidManifest.xml:11:5-65
	android:name
		ADDED from AiyaEffectsWithKSY\demo\AndroidManifest.xml:15:22-62
uses-permission#android.permission.RECORD_AUDIO
ADDED from AiyaEffectsWithKSY\demo\AndroidManifest.xml:16:5-71
	android:name
		ADDED from AiyaEffectsWithKSY\demo\AndroidManifest.xml:16:22-68
uses-permission#android.permission.FLASHLIGHT
ADDED from AiyaEffectsWithKSY\demo\AndroidManifest.xml:17:5-69
	android:name
		ADDED from AiyaEffectsWithKSY\demo\AndroidManifest.xml:17:22-66
uses-feature#android.hardware.camera
ADDED from AiyaEffectsWithKSY\demo\AndroidManifest.xml:19:5-60
	android:name
		ADDED from AiyaEffectsWithKSY\demo\AndroidManifest.xml:19:19-57
uses-feature#android.hardware.camera.autofocus
ADDED from AiyaEffectsWithKSY\demo\AndroidManifest.xml:20:5-70
	android:name
		ADDED from AiyaEffectsWithKSY\demo\AndroidManifest.xml:20:19-67
uses-permission#android.permission.VIBRATE
ADDED from AiyaEffectsWithKSY\demo\AndroidManifest.xml:22:5-66
	android:name
		ADDED from AiyaEffectsWithKSY\demo\AndroidManifest.xml:22:22-63
application
ADDED from AiyaEffectsWithKSY\demo\AndroidManifest.xml:24:5-58:19
MERGED from [com.github.doggycoder:AiyaEffectsAndroid:v2.0.0] AndroidManifest.xml:13:5-17:19
MERGED from [com.android.support:appcompat-v7:24.2.1] AndroidManifest.xml:25:5-20
MERGED from [com.android.support:support-v4:24.2.1] AndroidManifest.xml:25:5-20
MERGED from [com.android.support:support-compat:24.2.1] AndroidManifest.xml:25:5-20
MERGED from [com.android.support:support-media-compat:24.2.1] AndroidManifest.xml:25:5-20
MERGED from [com.android.support:support-core-utils:24.2.1] AndroidManifest.xml:25:5-20
MERGED from [com.android.support:support-core-ui:24.2.1] AndroidManifest.xml:25:5-20
MERGED from [com.android.support:support-fragment:24.2.1] AndroidManifest.xml:25:5-20
MERGED from [com.android.support:support-vector-drawable:24.2.1] AndroidManifest.xml:23:5-20
MERGED from [com.android.support:animated-vector-drawable:24.2.1] AndroidManifest.xml:22:5-20
	android:launchMode
		ADDED from AiyaEffectsWithKSY\demo\AndroidManifest.xml:33:9-44
	android:anyDensity
		ADDED from AiyaEffectsWithKSY\demo\AndroidManifest.xml:28:9-34
	android:icon
		ADDED from AiyaEffectsWithKSY\demo\AndroidManifest.xml:30:9-45
	android:largeHeap
		ADDED from AiyaEffectsWithKSY\demo\AndroidManifest.xml:32:9-33
	android:screenOrientation
		ADDED from AiyaEffectsWithKSY\demo\AndroidManifest.xml:36:9-45
	android:label
		ADDED from AiyaEffectsWithKSY\demo\AndroidManifest.xml:31:9-41
	android:supportsRtl
		ADDED from [com.github.doggycoder:AiyaEffectsAndroid:v2.0.0] AndroidManifest.xml:16:9-35
	android:smallScreens
		ADDED from AiyaEffectsWithKSY\demo\AndroidManifest.xml:37:9-36
	android:hardwareAccelerated
		ADDED from AiyaEffectsWithKSY\demo\AndroidManifest.xml:29:9-43
	android:normalScreens
		ADDED from AiyaEffectsWithKSY\demo\AndroidManifest.xml:34:9-37
	android:allowBackup
		ADDED from AiyaEffectsWithKSY\demo\AndroidManifest.xml:26:9-36
		REJECTED from [com.github.doggycoder:AiyaEffectsAndroid:v2.0.0] AndroidManifest.xml:14:9-35
	android:alwaysRetainTaskState
		ADDED from AiyaEffectsWithKSY\demo\AndroidManifest.xml:27:9-45
	android:persistent
		ADDED from AiyaEffectsWithKSY\demo\AndroidManifest.xml:35:9-35
	android:theme
		ADDED from AiyaEffectsWithKSY\demo\AndroidManifest.xml:38:9-40
	tools:replace
		ADDED from AiyaEffectsWithKSY\demo\AndroidManifest.xml:25:9-44
	android:name
		ADDED from AiyaEffectsWithKSY\demo\AndroidManifest.xml:39:9-69
activity#com.ksyun.media.streamer.demo.DemoActivity
ADDED from AiyaEffectsWithKSY\demo\AndroidManifest.xml:40:9-51:20
	android:screenOrientation
		ADDED from AiyaEffectsWithKSY\demo\AndroidManifest.xml:44:13-49
	android:launchMode
		ADDED from AiyaEffectsWithKSY\demo\AndroidManifest.xml:43:13-43
	android:configChanges
		ADDED from AiyaEffectsWithKSY\demo\AndroidManifest.xml:42:13-74
	android:theme
		ADDED from AiyaEffectsWithKSY\demo\AndroidManifest.xml:45:13-55
	android:name
		ADDED from AiyaEffectsWithKSY\demo\AndroidManifest.xml:41:13-70
intent-filter#android.intent.action.MAIN+android.intent.category.LAUNCHER
ADDED from AiyaEffectsWithKSY\demo\AndroidManifest.xml:46:13-50:29
action#android.intent.action.MAIN
ADDED from AiyaEffectsWithKSY\demo\AndroidManifest.xml:47:17-69
	android:name
		ADDED from AiyaEffectsWithKSY\demo\AndroidManifest.xml:47:25-66
category#android.intent.category.LAUNCHER
ADDED from AiyaEffectsWithKSY\demo\AndroidManifest.xml:49:17-77
	android:name
		ADDED from AiyaEffectsWithKSY\demo\AndroidManifest.xml:49:27-74
activity#com.ksyun.media.streamer.demo.CameraActivity
ADDED from AiyaEffectsWithKSY\demo\AndroidManifest.xml:52:9-57:20
	android:launchMode
		ADDED from AiyaEffectsWithKSY\demo\AndroidManifest.xml:55:13-43
	android:configChanges
		ADDED from AiyaEffectsWithKSY\demo\AndroidManifest.xml:54:13-74
	android:theme
		ADDED from AiyaEffectsWithKSY\demo\AndroidManifest.xml:56:13-55
	android:name
		ADDED from AiyaEffectsWithKSY\demo\AndroidManifest.xml:53:13-72
uses-sdk
INJECTED from AiyaEffectsWithKSY\demo\AndroidManifest.xml reason: use-sdk injection requested
MERGED from [com.github.doggycoder:AiyaEffectsAndroid:v2.0.0] AndroidManifest.xml:7:5-9:41
MERGED from [com.android.support:appcompat-v7:24.2.1] AndroidManifest.xml:21:5-23:78
MERGED from [com.android.support:support-v4:24.2.1] AndroidManifest.xml:21:5-23:54
MERGED from [com.android.support:support-compat:24.2.1] AndroidManifest.xml:21:5-23:58
MERGED from [com.android.support:support-media-compat:24.2.1] AndroidManifest.xml:21:5-23:63
MERGED from [com.android.support:support-core-utils:24.2.1] AndroidManifest.xml:21:5-23:61
MERGED from [com.android.support:support-core-ui:24.2.1] AndroidManifest.xml:21:5-23:58
MERGED from [com.android.support:support-fragment:24.2.1] AndroidManifest.xml:21:5-23:60
MERGED from [com.android.support:support-vector-drawable:24.2.1] AndroidManifest.xml:21:5-43
MERGED from [com.android.support:animated-vector-drawable:24.2.1] AndroidManifest.xml:20:5-44
	tools:overrideLibrary
		ADDED from [com.android.support:appcompat-v7:24.2.1] AndroidManifest.xml:23:9-75
	android:targetSdkVersion
		INJECTED from AiyaEffectsWithKSY\demo\AndroidManifest.xml
		INJECTED from AiyaEffectsWithKSY\demo\AndroidManifest.xml
	android:minSdkVersion
		INJECTED from AiyaEffectsWithKSY\demo\AndroidManifest.xml
		INJECTED from AiyaEffectsWithKSY\demo\AndroidManifest.xml